<?xml version="1.0" encoding="UTF-8"?>
<!-- Generated by org.testng.reporters.JUnitReportReporter -->
<testsuite hostname="DESKTOP-BJDUQ9L" failures="0" tests="1" name="com.selenium.Incognito" time="115.914" errors="0" timestamp="2022-09-13T17:47:39 IST" skipped="0">
  <testcase classname="com.selenium.Incognito" name="test" time="115.914"/>
  <system-out/>
</testsuite> <!-- com.selenium.Incognito -->
