<?xml version="1.0" encoding="UTF-8"?>
<!-- Generated by org.testng.reporters.JUnitReportReporter -->
<testsuite hostname="DESKTOP-BJDUQ9L" failures="0" tests="1" name="com.phptravels.scripts.LoginPageTest" time="25.995" errors="0" timestamp="2022-09-14T11:18:56 IST" skipped="0">
  <testcase classname="com.phptravels.scripts.LoginPageTest" name="testLoginPage" time="25.995"/>
  <system-out/>
</testsuite> <!-- com.phptravels.scripts.LoginPageTest -->
